2025-02-28 08:17:52,825 - DEBUG - 这是一个调试信息
2025-02-28 08:17:52,825 - INFO - 这是一个信息
2025-02-28 08:17:52,825 - WARNING - 这是一个警告
2025-02-28 08:17:52,825 - ERROR - 这是一个错误
2025-02-28 08:17:52,825 - CRITICAL - 这是一个严重错误
2025-02-28 08:20:24,746 - DEBUG - 这是一个调试信息
2025-02-28 08:20:24,746 - INFO - 这是一个信息
2025-02-28 08:20:24,746 - WARNING - 这是一个警告
2025-02-28 08:20:24,746 - ERROR - 这是一个错误
2025-02-28 08:20:24,746 - CRITICAL - 这是一个严重错误
2025-02-28 08:21:48,787 - DEBUG - 这是一个调试信息
2025-02-28 08:21:48,787 - INFO - 这是一个信息
2025-02-28 08:21:48,787 - WARNING - 这是一个警告
2025-02-28 08:21:48,787 - ERROR - 这是一个错误
2025-02-28 08:21:48,787 - CRITICAL - 这是一个严重错误
2025-02-28 08:24:22,844 - DEBUG - 这是一个调试信息
2025-02-28 08:24:22,844 - INFO - 这是一个信息
2025-02-28 08:24:22,844 - WARNING - 这是一个警告
2025-02-28 08:24:22,844 - ERROR - 这是一个错误
2025-02-28 08:24:22,844 - CRITICAL - 这是一个严重错误
2025-02-28 08:30:35,565 - DEBUG - 这是一个调试信息
2025-02-28 08:30:35,565 - INFO - 这是一个信息
2025-02-28 08:30:35,565 - WARNING - 这是一个警告
2025-02-28 08:30:35,565 - ERROR - 这是一个错误
2025-02-28 08:30:35,565 - CRITICAL - 这是一个严重错误
